;  LST file generated by mikroListExporter - v.2.0 
; Date/Time: 1/21/2018 8:44:40 PM
;----------------------------------------------

;Address Opcode 	ASM
____SysVT:
0x0000	0x4FFC2000  	536891388
0x0004	0x06150000  	1557
0x0008	0x051D0000  	1309
0x000C	0x051D0000  	1309
0x0010	0x051D0000  	1309
0x0014	0x051D0000  	1309
0x0018	0x051D0000  	1309
0x001C	0x051D0000  	1309
0x0020	0x051D0000  	1309
0x0024	0x051D0000  	1309
0x0028	0x051D0000  	1309
0x002C	0x051D0000  	1309
0x0030	0x051D0000  	1309
0x0034	0x051D0000  	1309
0x0038	0x051D0000  	1309
0x003C	0x051D0000  	1309
0x0040	0x051D0000  	1309
0x0044	0x051D0000  	1309
0x0048	0x051D0000  	1309
0x004C	0x051D0000  	1309
0x0050	0x051D0000  	1309
0x0054	0x051D0000  	1309
0x0058	0x051D0000  	1309
0x005C	0x051D0000  	1309
0x0060	0x051D0000  	1309
0x0064	0x051D0000  	1309
0x0068	0x051D0000  	1309
0x006C	0x051D0000  	1309
0x0070	0x051D0000  	1309
0x0074	0x051D0000  	1309
0x0078	0x051D0000  	1309
0x007C	0x051D0000  	1309
0x0080	0x051D0000  	1309
0x0084	0x051D0000  	1309
0x0088	0x051D0000  	1309
0x008C	0x051D0000  	1309
0x0090	0x051D0000  	1309
0x0094	0x051D0000  	1309
0x0098	0x051D0000  	1309
0x009C	0x051D0000  	1309
0x00A0	0x051D0000  	1309
0x00A4	0x051D0000  	1309
0x00A8	0x051D0000  	1309
0x00AC	0x051D0000  	1309
0x00B0	0x051D0000  	1309
0x00B4	0x051D0000  	1309
0x00B8	0x051D0000  	1309
0x00BC	0x051D0000  	1309
0x00C0	0x051D0000  	1309
0x00C4	0x051D0000  	1309
0x00C8	0x051D0000  	1309
0x00CC	0x051D0000  	1309
0x00D0	0x051D0000  	1309
0x00D4	0x051D0000  	1309
0x00D8	0x051D0000  	1309
0x00DC	0x051D0000  	1309
0x00E0	0x051D0000  	1309
0x00E4	0x051D0000  	1309
0x00E8	0x051D0000  	1309
0x00EC	0x051D0000  	1309
0x00F0	0x051D0000  	1309
0x00F4	0x051D0000  	1309
0x00F8	0x051D0000  	1309
0x00FC	0x051D0000  	1309
0x0100	0x051D0000  	1309
0x0104	0x051D0000  	1309
0x0108	0x051D0000  	1309
0x010C	0x051D0000  	1309
0x0110	0x051D0000  	1309
0x0114	0x051D0000  	1309
0x0118	0x051D0000  	1309
0x011C	0x051D0000  	1309
0x0120	0x051D0000  	1309
0x0124	0x051D0000  	1309
0x0128	0x051D0000  	1309
0x012C	0x051D0000  	1309
; end of ____SysVT
_main:
;_Switch.c, 20 :: 		void main() {
0x0614	0xF7FFFF86  BL	1316
0x0618	0xF000F838  BL	1676
0x061C	0xF7FFFF74  BL	1288
;_Switch.c, 21 :: 		GPIO_Digital_Output(&GPIOC_ODR, _GPIO_PINMASK_13);        // Set PORTC13 as digital output
0x0620	0xF2420100  MOVW	R1, #8192
0x0624	0x4815    LDR	R0, [PC, #84]
0x0626	0xF7FFFF55  BL	_GPIO_Digital_Output+0
;_Switch.c, 22 :: 		GPIO_Digital_Input (&GPIOB_IDR,  _GPIO_PINMASK_15);       // Set PB15 as digital input
0x062A	0xF2480100  MOVW	R1, #32768
0x062E	0x4814    LDR	R0, [PC, #80]
0x0630	0xF7FFFF5E  BL	_GPIO_Digital_Input+0
;_Switch.c, 24 :: 		oldstate = 0;                                            // set oldstate false
0x0634	0x2100    MOVS	R1, #0
0x0636	0x4813    LDR	R0, [PC, #76]
0x0638	0x8001    STRH	R1, [R0, #0]
;_Switch.c, 26 :: 		while(1)
L_main0:
;_Switch.c, 28 :: 		if (Button(&GPIOB_IDR, 15, 1, 1))                      // detect logical one on PB15 pin
0x063A	0x2301    MOVS	R3, #1
0x063C	0x2201    MOVS	R2, #1
0x063E	0x210F    MOVS	R1, #15
0x0640	0x480F    LDR	R0, [PC, #60]
0x0642	0xF7FFFEC1  BL	_Button+0
0x0646	0xB130    CBZ	R0, L_main2
;_Switch.c, 30 :: 		GPIOC_ODR.B13 = 1;                                  // turn LED on
0x0648	0x2101    MOVS	R1, #1
0x064A	0xB249    SXTB	R1, R1
0x064C	0x480E    LDR	R0, [PC, #56]
0x064E	0x6001    STR	R1, [R0, #0]
;_Switch.c, 31 :: 		oldstate = 1;                                       // oldstate  is true
0x0650	0x2101    MOVS	R1, #1
0x0652	0x480C    LDR	R0, [PC, #48]
0x0654	0x8001    STRH	R1, [R0, #0]
;_Switch.c, 32 :: 		}
L_main2:
;_Switch.c, 33 :: 		if (oldstate && Button(&GPIOB_IDR, 15, 1, 0))          // else
0x0656	0x480B    LDR	R0, [PC, #44]
0x0658	0x8800    LDRH	R0, [R0, #0]
0x065A	0xB168    CBZ	R0, L__main8
0x065C	0x2300    MOVS	R3, #0
0x065E	0x2201    MOVS	R2, #1
0x0660	0x210F    MOVS	R1, #15
0x0662	0x4807    LDR	R0, [PC, #28]
0x0664	0xF7FFFEB0  BL	_Button+0
0x0668	0xB130    CBZ	R0, L__main7
L__main6:
;_Switch.c, 35 :: 		GPIOC_ODR.B13 = 0;                                   // turn LED off
0x066A	0x2100    MOVS	R1, #0
0x066C	0xB249    SXTB	R1, R1
0x066E	0x4806    LDR	R0, [PC, #24]
0x0670	0x6001    STR	R1, [R0, #0]
;_Switch.c, 36 :: 		oldstate = 0;                                        // oldstate is false
0x0672	0x2100    MOVS	R1, #0
0x0674	0x4803    LDR	R0, [PC, #12]
0x0676	0x8001    STRH	R1, [R0, #0]
;_Switch.c, 33 :: 		if (oldstate && Button(&GPIOB_IDR, 15, 1, 0))          // else
L__main8:
L__main7:
;_Switch.c, 38 :: 		}
0x0678	0xE7DF    B	L_main0
;_Switch.c, 39 :: 		}
L_end_main:
L__main_end_loop:
0x067A	0xE7FE    B	L__main_end_loop
0x067C	0x100C4001  	GPIOC_ODR+0
0x0680	0x0C084001  	GPIOB_IDR+0
0x0684	0x00002000  	_oldstate+0
0x0688	0x01B44222  	GPIOC_ODR+0
; end of _main
___FillZeros:
;__Lib_System_101_102_103.c, 70 :: 		
0x0498	0xB081    SUB	SP, SP, #4
;__Lib_System_101_102_103.c, 72 :: 		
0x049A	0xF04F0900  MOV	R9, #0
;__Lib_System_101_102_103.c, 73 :: 		
0x049E	0xF04F0C00  MOV	R12, #0
;__Lib_System_101_102_103.c, 74 :: 		
0x04A2	0xEBBD0F0A  CMP	SP, R10, LSL #0
;__Lib_System_101_102_103.c, 75 :: 		
0x04A6	0xDC04    BGT	L_loopFZs
;__Lib_System_101_102_103.c, 76 :: 		
0x04A8	0xEBBD0F0B  CMP	SP, R11, LSL #0
;__Lib_System_101_102_103.c, 77 :: 		
0x04AC	0xDB01    BLT	L_loopFZs
;__Lib_System_101_102_103.c, 78 :: 		
0x04AE	0x46D4    MOV	R12, R10
;__Lib_System_101_102_103.c, 79 :: 		
0x04B0	0x46EA    MOV	R10, SP
;__Lib_System_101_102_103.c, 80 :: 		
L_loopFZs:
;__Lib_System_101_102_103.c, 81 :: 		
0x04B2	0xF84B9B04  STR	R9, [R11], #4
;__Lib_System_101_102_103.c, 82 :: 		
0x04B6	0xEBBB0F0A  CMP	R11, R10, LSL #0
;__Lib_System_101_102_103.c, 83 :: 		
0x04BA	0xD1FA    BNE	L_loopFZs
;__Lib_System_101_102_103.c, 84 :: 		
0x04BC	0xEBBC0F0A  CMP	R12, R10, LSL #0
;__Lib_System_101_102_103.c, 85 :: 		
0x04C0	0xDD05    BLE	L_norep
;__Lib_System_101_102_103.c, 86 :: 		
0x04C2	0x46E2    MOV	R10, R12
;__Lib_System_101_102_103.c, 87 :: 		
0x04C4	0xF8D9B000  LDR	R11, [R9, #0]
;__Lib_System_101_102_103.c, 88 :: 		
0x04C8	0xF10B0B04  ADD	R11, R11, #4
;__Lib_System_101_102_103.c, 89 :: 		
0x04CC	0xE7F1    B	L_loopFZs
;__Lib_System_101_102_103.c, 90 :: 		
L_norep:
;__Lib_System_101_102_103.c, 92 :: 		
L_end___FillZeros:
0x04CE	0xB001    ADD	SP, SP, #4
0x04D0	0x4770    BX	LR
; end of ___FillZeros
_GPIO_Digital_Output:
;__Lib_GPIO_32F10x.c, 365 :: 		
; pin_mask start address is: 4 (R1)
; port start address is: 0 (R0)
0x04D4	0xB081    SUB	SP, SP, #4
0x04D6	0xF8CDE000  STR	LR, [SP, #0]
; pin_mask end address is: 4 (R1)
; port end address is: 0 (R0)
; port start address is: 0 (R0)
; pin_mask start address is: 4 (R1)
;__Lib_GPIO_32F10x.c, 366 :: 		
0x04DA	0x4A04    LDR	R2, [PC, #16]
0x04DC	0xB289    UXTH	R1, R1
; pin_mask end address is: 4 (R1)
; port end address is: 0 (R0)
0x04DE	0xF7FFFE6D  BL	_GPIO_Config+0
;__Lib_GPIO_32F10x.c, 367 :: 		
L_end_GPIO_Digital_Output:
0x04E2	0xF8DDE000  LDR	LR, [SP, #0]
0x04E6	0xB001    ADD	SP, SP, #4
0x04E8	0x4770    BX	LR
0x04EA	0xBF00    NOP
0x04EC	0x00140008  	#524308
; end of _GPIO_Digital_Output
_GPIO_Config:
;__Lib_GPIO_32F10x.c, 124 :: 		
; config start address is: 8 (R2)
; pin_mask start address is: 4 (R1)
; port start address is: 0 (R0)
0x01BC	0xB081    SUB	SP, SP, #4
0x01BE	0xF8CDE000  STR	LR, [SP, #0]
0x01C2	0xB28C    UXTH	R4, R1
0x01C4	0x4615    MOV	R5, R2
; config end address is: 8 (R2)
; pin_mask end address is: 4 (R1)
; port end address is: 0 (R0)
; port start address is: 0 (R0)
; pin_mask start address is: 16 (R4)
; config start address is: 20 (R5)
;__Lib_GPIO_32F10x.c, 129 :: 		
0x01C6	0x4B77    LDR	R3, [PC, #476]
0x01C8	0xEA000303  AND	R3, R0, R3, LSL #0
; port end address is: 0 (R0)
; port start address is: 24 (R6)
0x01CC	0x461E    MOV	R6, R3
;__Lib_GPIO_32F10x.c, 131 :: 		
0x01CE	0x4618    MOV	R0, R3
0x01D0	0xF7FFFFAE  BL	_GPIO_Clk_Enable+0
;__Lib_GPIO_32F10x.c, 134 :: 		
0x01D4	0xF1B40FFF  CMP	R4, #255
0x01D8	0xD10C    BNE	L_GPIO_Config18
;__Lib_GPIO_32F10x.c, 135 :: 		
0x01DA	0x4B73    LDR	R3, [PC, #460]
0x01DC	0x429D    CMP	R5, R3
0x01DE	0xD103    BNE	L_GPIO_Config19
; pin_mask end address is: 16 (R4)
; config end address is: 20 (R5)
;__Lib_GPIO_32F10x.c, 136 :: 		
0x01E0	0xF04F3333  MOV	R3, #858993459
0x01E4	0x6033    STR	R3, [R6, #0]
; port end address is: 24 (R6)
;__Lib_GPIO_32F10x.c, 137 :: 		
0x01E6	0xE0D9    B	L_end_GPIO_Config
;__Lib_GPIO_32F10x.c, 138 :: 		
L_GPIO_Config19:
;__Lib_GPIO_32F10x.c, 139 :: 		
; port start address is: 24 (R6)
; config start address is: 20 (R5)
; pin_mask start address is: 16 (R4)
0x01E8	0x2D42    CMP	R5, #66
0x01EA	0xD103    BNE	L_GPIO_Config20
; pin_mask end address is: 16 (R4)
; config end address is: 20 (R5)
;__Lib_GPIO_32F10x.c, 140 :: 		
0x01EC	0xF04F3344  MOV	R3, #1145324612
0x01F0	0x6033    STR	R3, [R6, #0]
; port end address is: 24 (R6)
;__Lib_GPIO_32F10x.c, 141 :: 		
0x01F2	0xE0D3    B	L_end_GPIO_Config
;__Lib_GPIO_32F10x.c, 142 :: 		
L_GPIO_Config20:
;__Lib_GPIO_32F10x.c, 143 :: 		
; port start address is: 24 (R6)
; config start address is: 20 (R5)
; pin_mask start address is: 16 (R4)
L_GPIO_Config18:
;__Lib_GPIO_32F10x.c, 145 :: 		
0x01F4	0xF64F73FF  MOVW	R3, #65535
0x01F8	0x429C    CMP	R4, R3
0x01FA	0xD114    BNE	L_GPIO_Config21
;__Lib_GPIO_32F10x.c, 146 :: 		
0x01FC	0x4B6A    LDR	R3, [PC, #424]
0x01FE	0x429D    CMP	R5, R3
0x0200	0xD107    BNE	L_GPIO_Config22
; pin_mask end address is: 16 (R4)
; config end address is: 20 (R5)
;__Lib_GPIO_32F10x.c, 147 :: 		
0x0202	0xF04F3333  MOV	R3, #858993459
0x0206	0x6033    STR	R3, [R6, #0]
;__Lib_GPIO_32F10x.c, 148 :: 		
0x0208	0x1D34    ADDS	R4, R6, #4
; port end address is: 24 (R6)
0x020A	0xF04F3333  MOV	R3, #858993459
0x020E	0x6023    STR	R3, [R4, #0]
;__Lib_GPIO_32F10x.c, 149 :: 		
0x0210	0xE0C4    B	L_end_GPIO_Config
;__Lib_GPIO_32F10x.c, 150 :: 		
L_GPIO_Config22:
;__Lib_GPIO_32F10x.c, 151 :: 		
; port start address is: 24 (R6)
; config start address is: 20 (R5)
; pin_mask start address is: 16 (R4)
0x0212	0x2D42    CMP	R5, #66
0x0214	0xD107    BNE	L_GPIO_Config23
; pin_mask end address is: 16 (R4)
; config end address is: 20 (R5)
;__Lib_GPIO_32F10x.c, 152 :: 		
0x0216	0xF04F3344  MOV	R3, #1145324612
0x021A	0x6033    STR	R3, [R6, #0]
;__Lib_GPIO_32F10x.c, 153 :: 		
0x021C	0x1D34    ADDS	R4, R6, #4
; port end address is: 24 (R6)
0x021E	0xF04F3344  MOV	R3, #1145324612
0x0222	0x6023    STR	R3, [R4, #0]
;__Lib_GPIO_32F10x.c, 154 :: 		
0x0224	0xE0BA    B	L_end_GPIO_Config
;__Lib_GPIO_32F10x.c, 155 :: 		
L_GPIO_Config23:
;__Lib_GPIO_32F10x.c, 156 :: 		
; port start address is: 24 (R6)
; config start address is: 20 (R5)
; pin_mask start address is: 16 (R4)
L_GPIO_Config21:
;__Lib_GPIO_32F10x.c, 158 :: 		
; currentmode start address is: 4 (R1)
0x0226	0x2100    MOVS	R1, #0
;__Lib_GPIO_32F10x.c, 159 :: 		
; speed start address is: 0 (R0)
0x0228	0x2000    MOVS	R0, #0
;__Lib_GPIO_32F10x.c, 161 :: 		
0x022A	0xF0050301  AND	R3, R5, #1
0x022E	0xB10B    CBZ	R3, L_GPIO_Config24
;__Lib_GPIO_32F10x.c, 162 :: 		
0x0230	0x2100    MOVS	R1, #0
0x0232	0xE01D    B	L_GPIO_Config25
L_GPIO_Config24:
;__Lib_GPIO_32F10x.c, 163 :: 		
0x0234	0xF0050302  AND	R3, R5, #2
0x0238	0xB133    CBZ	R3, L_GPIO_Config26
; currentmode end address is: 4 (R1)
;__Lib_GPIO_32F10x.c, 164 :: 		
0x023A	0xF40573C0  AND	R3, R5, #384
0x023E	0xB10B    CBZ	R3, L_GPIO_Config27
;__Lib_GPIO_32F10x.c, 165 :: 		
; currentmode start address is: 4 (R1)
0x0240	0x2108    MOVS	R1, #8
; currentmode end address is: 4 (R1)
0x0242	0xE000    B	L_GPIO_Config28
L_GPIO_Config27:
;__Lib_GPIO_32F10x.c, 167 :: 		
; currentmode start address is: 4 (R1)
0x0244	0x2104    MOVS	R1, #4
; currentmode end address is: 4 (R1)
L_GPIO_Config28:
;__Lib_GPIO_32F10x.c, 168 :: 		
; currentmode start address is: 4 (R1)
0x0246	0xE013    B	L_GPIO_Config29
L_GPIO_Config26:
;__Lib_GPIO_32F10x.c, 169 :: 		
0x0248	0xF0050304  AND	R3, R5, #4
0x024C	0xB133    CBZ	R3, L_GPIO_Config30
; currentmode end address is: 4 (R1)
;__Lib_GPIO_32F10x.c, 170 :: 		
0x024E	0xF0050320  AND	R3, R5, #32
0x0252	0xB10B    CBZ	R3, L_GPIO_Config31
;__Lib_GPIO_32F10x.c, 171 :: 		
; currentmode start address is: 4 (R1)
0x0254	0x2104    MOVS	R1, #4
; currentmode end address is: 4 (R1)
0x0256	0xE000    B	L_GPIO_Config32
L_GPIO_Config31:
;__Lib_GPIO_32F10x.c, 173 :: 		
; currentmode start address is: 4 (R1)
0x0258	0x2100    MOVS	R1, #0
; currentmode end address is: 4 (R1)
L_GPIO_Config32:
;__Lib_GPIO_32F10x.c, 174 :: 		
; currentmode start address is: 4 (R1)
0x025A	0xE009    B	L_GPIO_Config33
L_GPIO_Config30:
;__Lib_GPIO_32F10x.c, 175 :: 		
0x025C	0xF0050308  AND	R3, R5, #8
0x0260	0xB133    CBZ	R3, L__GPIO_Config100
; currentmode end address is: 4 (R1)
;__Lib_GPIO_32F10x.c, 176 :: 		
0x0262	0xF0050320  AND	R3, R5, #32
0x0266	0xB10B    CBZ	R3, L_GPIO_Config35
;__Lib_GPIO_32F10x.c, 177 :: 		
; currentmode start address is: 4 (R1)
0x0268	0x210C    MOVS	R1, #12
; currentmode end address is: 4 (R1)
0x026A	0xE000    B	L_GPIO_Config36
L_GPIO_Config35:
;__Lib_GPIO_32F10x.c, 179 :: 		
; currentmode start address is: 4 (R1)
0x026C	0x2108    MOVS	R1, #8
; currentmode end address is: 4 (R1)
L_GPIO_Config36:
;__Lib_GPIO_32F10x.c, 180 :: 		
; currentmode start address is: 4 (R1)
; currentmode end address is: 4 (R1)
0x026E	0xE7FF    B	L_GPIO_Config34
L__GPIO_Config100:
;__Lib_GPIO_32F10x.c, 175 :: 		
;__Lib_GPIO_32F10x.c, 180 :: 		
L_GPIO_Config34:
; currentmode start address is: 4 (R1)
; currentmode end address is: 4 (R1)
L_GPIO_Config33:
; currentmode start address is: 4 (R1)
; currentmode end address is: 4 (R1)
L_GPIO_Config29:
; currentmode start address is: 4 (R1)
; currentmode end address is: 4 (R1)
L_GPIO_Config25:
;__Lib_GPIO_32F10x.c, 182 :: 		
; currentmode start address is: 4 (R1)
0x0270	0x4B4E    LDR	R3, [PC, #312]
0x0272	0xEA050303  AND	R3, R5, R3, LSL #0
0x0276	0xB10B    CBZ	R3, L_GPIO_Config37
;__Lib_GPIO_32F10x.c, 183 :: 		
0x0278	0x2003    MOVS	R0, #3
0x027A	0xE009    B	L_GPIO_Config38
L_GPIO_Config37:
;__Lib_GPIO_32F10x.c, 184 :: 		
0x027C	0xF4057300  AND	R3, R5, #512
0x0280	0xB10B    CBZ	R3, L_GPIO_Config39
;__Lib_GPIO_32F10x.c, 185 :: 		
0x0282	0x2002    MOVS	R0, #2
0x0284	0xE004    B	L_GPIO_Config40
L_GPIO_Config39:
;__Lib_GPIO_32F10x.c, 186 :: 		
0x0286	0xF4056380  AND	R3, R5, #1024
0x028A	0xB10B    CBZ	R3, L__GPIO_Config101
;__Lib_GPIO_32F10x.c, 187 :: 		
0x028C	0x2001    MOVS	R0, #1
; speed end address is: 0 (R0)
0x028E	0xE7FF    B	L_GPIO_Config41
L__GPIO_Config101:
;__Lib_GPIO_32F10x.c, 186 :: 		
;__Lib_GPIO_32F10x.c, 187 :: 		
L_GPIO_Config41:
; speed start address is: 0 (R0)
; speed end address is: 0 (R0)
L_GPIO_Config40:
; speed start address is: 0 (R0)
; speed end address is: 0 (R0)
L_GPIO_Config38:
;__Lib_GPIO_32F10x.c, 189 :: 		
; speed start address is: 0 (R0)
;__Lib_GPIO_32F10x.c, 195 :: 		
0x0290	0xF005030C  AND	R3, R5, #12
0x0294	0xB10B    CBZ	R3, L__GPIO_Config102
;__Lib_GPIO_32F10x.c, 198 :: 		
0x0296	0x4301    ORRS	R1, R0
; speed end address is: 0 (R0)
; currentmode end address is: 4 (R1)
;__Lib_GPIO_32F10x.c, 199 :: 		
0x0298	0xE7FF    B	L_GPIO_Config42
L__GPIO_Config102:
;__Lib_GPIO_32F10x.c, 195 :: 		
;__Lib_GPIO_32F10x.c, 199 :: 		
L_GPIO_Config42:
;__Lib_GPIO_32F10x.c, 201 :: 		
; currentmode start address is: 4 (R1)
0x029A	0xF00403FF  AND	R3, R4, #255
0x029E	0xB29B    UXTH	R3, R3
0x02A0	0x2B00    CMP	R3, #0
0x02A2	0xD03B    BEQ	L__GPIO_Config104
;__Lib_GPIO_32F10x.c, 202 :: 		
0x02A4	0x6837    LDR	R7, [R6, #0]
; tmpreg start address is: 28 (R7)
;__Lib_GPIO_32F10x.c, 204 :: 		
; pinpos start address is: 0 (R0)
0x02A6	0x2000    MOVS	R0, #0
; pin_mask end address is: 16 (R4)
; config end address is: 20 (R5)
; currentmode end address is: 4 (R1)
; tmpreg end address is: 28 (R7)
; pinpos end address is: 0 (R0)
; port end address is: 24 (R6)
0x02A8	0xFA1FF884  UXTH	R8, R4
0x02AC	0x4632    MOV	R2, R6
0x02AE	0x462E    MOV	R6, R5
L_GPIO_Config44:
; pinpos start address is: 0 (R0)
; tmpreg start address is: 28 (R7)
; currentmode start address is: 4 (R1)
; port start address is: 8 (R2)
; config start address is: 24 (R6)
; pin_mask start address is: 32 (R8)
0x02B0	0x2808    CMP	R0, #8
0x02B2	0xD22C    BCS	L_GPIO_Config45
;__Lib_GPIO_32F10x.c, 206 :: 		
0x02B4	0xF04F0301  MOV	R3, #1
0x02B8	0xFA03F400  LSL	R4, R3, R0
;__Lib_GPIO_32F10x.c, 208 :: 		
0x02BC	0xEA080304  AND	R3, R8, R4, LSL #0
;__Lib_GPIO_32F10x.c, 210 :: 		
0x02C0	0x42A3    CMP	R3, R4
0x02C2	0xD122    BNE	L__GPIO_Config103
;__Lib_GPIO_32F10x.c, 212 :: 		
0x02C4	0x0085    LSLS	R5, R0, #2
;__Lib_GPIO_32F10x.c, 214 :: 		
0x02C6	0xF04F030F  MOV	R3, #15
0x02CA	0x40AB    LSLS	R3, R5
;__Lib_GPIO_32F10x.c, 215 :: 		
0x02CC	0x43DB    MVN	R3, R3
0x02CE	0xEA070403  AND	R4, R7, R3, LSL #0
; tmpreg end address is: 28 (R7)
;__Lib_GPIO_32F10x.c, 218 :: 		
0x02D2	0xFA01F305  LSL	R3, R1, R5
0x02D6	0xEA440303  ORR	R3, R4, R3, LSL #0
; tmpreg start address is: 20 (R5)
0x02DA	0x461D    MOV	R5, R3
;__Lib_GPIO_32F10x.c, 221 :: 		
0x02DC	0xF4067381  AND	R3, R6, #258
0x02E0	0xF5B37F81  CMP	R3, #258
0x02E4	0xD105    BNE	L_GPIO_Config48
;__Lib_GPIO_32F10x.c, 223 :: 		
0x02E6	0xF2020414  ADDW	R4, R2, #20
0x02EA	0xF04F0301  MOV	R3, #1
0x02EE	0x4083    LSLS	R3, R0
0x02F0	0x6023    STR	R3, [R4, #0]
;__Lib_GPIO_32F10x.c, 224 :: 		
L_GPIO_Config48:
;__Lib_GPIO_32F10x.c, 226 :: 		
0x02F2	0xF0060382  AND	R3, R6, #130
0x02F6	0x2B82    CMP	R3, #130
0x02F8	0xD105    BNE	L_GPIO_Config49
;__Lib_GPIO_32F10x.c, 228 :: 		
0x02FA	0xF2020410  ADDW	R4, R2, #16
0x02FE	0xF04F0301  MOV	R3, #1
0x0302	0x4083    LSLS	R3, R0
0x0304	0x6023    STR	R3, [R4, #0]
;__Lib_GPIO_32F10x.c, 229 :: 		
L_GPIO_Config49:
;__Lib_GPIO_32F10x.c, 230 :: 		
0x0306	0x462F    MOV	R7, R5
0x0308	0xE7FF    B	L_GPIO_Config47
; tmpreg end address is: 20 (R5)
L__GPIO_Config103:
;__Lib_GPIO_32F10x.c, 210 :: 		
;__Lib_GPIO_32F10x.c, 230 :: 		
L_GPIO_Config47:
;__Lib_GPIO_32F10x.c, 204 :: 		
; tmpreg start address is: 28 (R7)
0x030A	0x1C40    ADDS	R0, R0, #1
;__Lib_GPIO_32F10x.c, 231 :: 		
; pinpos end address is: 0 (R0)
0x030C	0xE7D0    B	L_GPIO_Config44
L_GPIO_Config45:
;__Lib_GPIO_32F10x.c, 232 :: 		
0x030E	0x6017    STR	R7, [R2, #0]
; currentmode end address is: 4 (R1)
; port end address is: 8 (R2)
; config end address is: 24 (R6)
; pin_mask end address is: 32 (R8)
; tmpreg end address is: 28 (R7)
0x0310	0xFA1FF088  UXTH	R0, R8
0x0314	0x460F    MOV	R7, R1
0x0316	0x4631    MOV	R1, R6
0x0318	0x4616    MOV	R6, R2
;__Lib_GPIO_32F10x.c, 234 :: 		
0x031A	0xE002    B	L_GPIO_Config43
L__GPIO_Config104:
;__Lib_GPIO_32F10x.c, 201 :: 		
0x031C	0x460F    MOV	R7, R1
0x031E	0x4629    MOV	R1, R5
0x0320	0xB2A0    UXTH	R0, R4
;__Lib_GPIO_32F10x.c, 234 :: 		
L_GPIO_Config43:
;__Lib_GPIO_32F10x.c, 238 :: 		
; currentmode start address is: 28 (R7)
; port start address is: 24 (R6)
; config start address is: 4 (R1)
; pin_mask start address is: 0 (R0)
0x0322	0xF1B00FFF  CMP	R0, #255
0x0326	0xD939    BLS	L_GPIO_Config50
;__Lib_GPIO_32F10x.c, 240 :: 		
0x0328	0x1D33    ADDS	R3, R6, #4
0x032A	0xF8D38000  LDR	R8, [R3, #0]
; tmpreg start address is: 32 (R8)
;__Lib_GPIO_32F10x.c, 241 :: 		
; pinpos start address is: 8 (R2)
0x032E	0x2200    MOVS	R2, #0
; port end address is: 24 (R6)
; tmpreg end address is: 32 (R8)
; pinpos end address is: 8 (R2)
L_GPIO_Config51:
; pinpos start address is: 8 (R2)
; tmpreg start address is: 32 (R8)
; pin_mask start address is: 0 (R0)
; pin_mask end address is: 0 (R0)
; config start address is: 4 (R1)
; config end address is: 4 (R1)
; port start address is: 24 (R6)
; currentmode start address is: 28 (R7)
; currentmode end address is: 28 (R7)
0x0330	0x2A08    CMP	R2, #8
0x0332	0xD230    BCS	L_GPIO_Config52
; pin_mask end address is: 0 (R0)
; config end address is: 4 (R1)
; currentmode end address is: 28 (R7)
;__Lib_GPIO_32F10x.c, 243 :: 		
; currentmode start address is: 28 (R7)
; config start address is: 4 (R1)
; pin_mask start address is: 0 (R0)
0x0334	0xF2020408  ADDW	R4, R2, #8
0x0338	0xF04F0301  MOV	R3, #1
0x033C	0xFA03F404  LSL	R4, R3, R4
;__Lib_GPIO_32F10x.c, 245 :: 		
0x0340	0xEA000304  AND	R3, R0, R4, LSL #0
;__Lib_GPIO_32F10x.c, 246 :: 		
0x0344	0x42A3    CMP	R3, R4
0x0346	0xD124    BNE	L__GPIO_Config105
;__Lib_GPIO_32F10x.c, 248 :: 		
0x0348	0x0095    LSLS	R5, R2, #2
;__Lib_GPIO_32F10x.c, 250 :: 		
0x034A	0xF04F030F  MOV	R3, #15
0x034E	0x40AB    LSLS	R3, R5
;__Lib_GPIO_32F10x.c, 251 :: 		
0x0350	0x43DB    MVN	R3, R3
0x0352	0xEA080803  AND	R8, R8, R3, LSL #0
; tmpreg end address is: 32 (R8)
;__Lib_GPIO_32F10x.c, 254 :: 		
0x0356	0xFA07F305  LSL	R3, R7, R5
0x035A	0xEA480803  ORR	R8, R8, R3, LSL #0
; tmpreg start address is: 32 (R8)
;__Lib_GPIO_32F10x.c, 257 :: 		
0x035E	0xF4017381  AND	R3, R1, #258
0x0362	0xF5B37F81  CMP	R3, #258
0x0366	0xD107    BNE	L_GPIO_Config55
;__Lib_GPIO_32F10x.c, 259 :: 		
0x0368	0xF2060514  ADDW	R5, R6, #20
0x036C	0xF2020408  ADDW	R4, R2, #8
0x0370	0xF04F0301  MOV	R3, #1
0x0374	0x40A3    LSLS	R3, R4
0x0376	0x602B    STR	R3, [R5, #0]
;__Lib_GPIO_32F10x.c, 260 :: 		
L_GPIO_Config55:
;__Lib_GPIO_32F10x.c, 262 :: 		
0x0378	0xF0010382  AND	R3, R1, #130
0x037C	0x2B82    CMP	R3, #130
0x037E	0xD107    BNE	L_GPIO_Config56
;__Lib_GPIO_32F10x.c, 264 :: 		
0x0380	0xF2060510  ADDW	R5, R6, #16
0x0384	0xF2020408  ADDW	R4, R2, #8
0x0388	0xF04F0301  MOV	R3, #1
0x038C	0x40A3    LSLS	R3, R4
0x038E	0x602B    STR	R3, [R5, #0]
;__Lib_GPIO_32F10x.c, 265 :: 		
L_GPIO_Config56:
;__Lib_GPIO_32F10x.c, 266 :: 		
0x0390	0xE7FF    B	L_GPIO_Config54
; tmpreg end address is: 32 (R8)
L__GPIO_Config105:
;__Lib_GPIO_32F10x.c, 246 :: 		
;__Lib_GPIO_32F10x.c, 266 :: 		
L_GPIO_Config54:
;__Lib_GPIO_32F10x.c, 241 :: 		
; tmpreg start address is: 32 (R8)
0x0392	0x1C52    ADDS	R2, R2, #1
;__Lib_GPIO_32F10x.c, 267 :: 		
; pin_mask end address is: 0 (R0)
; config end address is: 4 (R1)
; currentmode end address is: 28 (R7)
; pinpos end address is: 8 (R2)
0x0394	0xE7CC    B	L_GPIO_Config51
L_GPIO_Config52:
;__Lib_GPIO_32F10x.c, 268 :: 		
0x0396	0x1D33    ADDS	R3, R6, #4
; port end address is: 24 (R6)
0x0398	0xF8C38000  STR	R8, [R3, #0]
; tmpreg end address is: 32 (R8)
;__Lib_GPIO_32F10x.c, 269 :: 		
L_GPIO_Config50:
;__Lib_GPIO_32F10x.c, 270 :: 		
L_end_GPIO_Config:
0x039C	0xF8DDE000  LDR	LR, [SP, #0]
0x03A0	0xB001    ADD	SP, SP, #4
0x03A2	0x4770    BX	LR
0x03A4	0xFC00FFFF  	#-1024
0x03A8	0x00140008  	#524308
0x03AC	0x08000008  	#526336
; end of _GPIO_Config
_GPIO_Clk_Enable:
;__Lib_GPIO_32F10x.c, 83 :: 		
; gpio_port start address is: 0 (R0)
0x0130	0xB081    SUB	SP, SP, #4
; gpio_port end address is: 0 (R0)
; gpio_port start address is: 0 (R0)
;__Lib_GPIO_32F10x.c, 85 :: 		
0x0132	0x4919    LDR	R1, [PC, #100]
0x0134	0xEA000101  AND	R1, R0, R1, LSL #0
; gpio_port end address is: 0 (R0)
; prt start address is: 0 (R0)
0x0138	0x4608    MOV	R0, R1
;__Lib_GPIO_32F10x.c, 86 :: 		
; pos start address is: 8 (R2)
0x013A	0x2200    MOVS	R2, #0
;__Lib_GPIO_32F10x.c, 87 :: 		
0x013C	0xE00E    B	L_GPIO_Clk_Enable0
; prt end address is: 0 (R0)
; pos end address is: 8 (R2)
;__Lib_GPIO_32F10x.c, 88 :: 		
L_GPIO_Clk_Enable2:
; pos start address is: 0 (R0)
0x013E	0x2004    MOVS	R0, #4
; pos end address is: 0 (R0)
0x0140	0xE022    B	L_GPIO_Clk_Enable1
;__Lib_GPIO_32F10x.c, 89 :: 		
L_GPIO_Clk_Enable3:
; pos start address is: 0 (R0)
0x0142	0x2008    MOVS	R0, #8
; pos end address is: 0 (R0)
0x0144	0xE020    B	L_GPIO_Clk_Enable1
;__Lib_GPIO_32F10x.c, 90 :: 		
L_GPIO_Clk_Enable4:
; pos start address is: 0 (R0)
0x0146	0x2010    MOVS	R0, #16
; pos end address is: 0 (R0)
0x0148	0xE01E    B	L_GPIO_Clk_Enable1
;__Lib_GPIO_32F10x.c, 91 :: 		
L_GPIO_Clk_Enable5:
; pos start address is: 0 (R0)
0x014A	0x2020    MOVS	R0, #32
; pos end address is: 0 (R0)
0x014C	0xE01C    B	L_GPIO_Clk_Enable1
;__Lib_GPIO_32F10x.c, 92 :: 		
L_GPIO_Clk_Enable6:
; pos start address is: 0 (R0)
0x014E	0x2040    MOVS	R0, #64
; pos end address is: 0 (R0)
0x0150	0xE01A    B	L_GPIO_Clk_Enable1
;__Lib_GPIO_32F10x.c, 93 :: 		
L_GPIO_Clk_Enable7:
; pos start address is: 0 (R0)
0x0152	0x2080    MOVS	R0, #128
; pos end address is: 0 (R0)
0x0154	0xE018    B	L_GPIO_Clk_Enable1
;__Lib_GPIO_32F10x.c, 94 :: 		
L_GPIO_Clk_Enable8:
; pos start address is: 0 (R0)
0x0156	0xF2401000  MOVW	R0, #256
; pos end address is: 0 (R0)
0x015A	0xE015    B	L_GPIO_Clk_Enable1
;__Lib_GPIO_32F10x.c, 95 :: 		
L_GPIO_Clk_Enable0:
; pos start address is: 8 (R2)
; prt start address is: 0 (R0)
0x015C	0x490F    LDR	R1, [PC, #60]
0x015E	0x4288    CMP	R0, R1
0x0160	0xD0ED    BEQ	L_GPIO_Clk_Enable2
0x0162	0x490F    LDR	R1, [PC, #60]
0x0164	0x4288    CMP	R0, R1
0x0166	0xD0EC    BEQ	L_GPIO_Clk_Enable3
0x0168	0x490E    LDR	R1, [PC, #56]
0x016A	0x4288    CMP	R0, R1
0x016C	0xD0EB    BEQ	L_GPIO_Clk_Enable4
0x016E	0x490E    LDR	R1, [PC, #56]
0x0170	0x4288    CMP	R0, R1
0x0172	0xD0EA    BEQ	L_GPIO_Clk_Enable5
0x0174	0x490D    LDR	R1, [PC, #52]
0x0176	0x4288    CMP	R0, R1
0x0178	0xD0E9    BEQ	L_GPIO_Clk_Enable6
0x017A	0x490D    LDR	R1, [PC, #52]
0x017C	0x4288    CMP	R0, R1
0x017E	0xD0E8    BEQ	L_GPIO_Clk_Enable7
0x0180	0x490C    LDR	R1, [PC, #48]
0x0182	0x4288    CMP	R0, R1
0x0184	0xD0E7    BEQ	L_GPIO_Clk_Enable8
; prt end address is: 0 (R0)
; pos end address is: 8 (R2)
0x0186	0x4610    MOV	R0, R2
L_GPIO_Clk_Enable1:
;__Lib_GPIO_32F10x.c, 97 :: 		
; pos start address is: 0 (R0)
0x0188	0x490B    LDR	R1, [PC, #44]
0x018A	0x6809    LDR	R1, [R1, #0]
0x018C	0xEA410200  ORR	R2, R1, R0, LSL #0
; pos end address is: 0 (R0)
0x0190	0x4909    LDR	R1, [PC, #36]
0x0192	0x600A    STR	R2, [R1, #0]
;__Lib_GPIO_32F10x.c, 98 :: 		
L_end_GPIO_Clk_Enable:
0x0194	0xB001    ADD	SP, SP, #4
0x0196	0x4770    BX	LR
0x0198	0xFC00FFFF  	#-1024
0x019C	0x08004001  	#1073809408
0x01A0	0x0C004001  	#1073810432
0x01A4	0x10004001  	#1073811456
0x01A8	0x14004001  	#1073812480
0x01AC	0x18004001  	#1073813504
0x01B0	0x1C004001  	#1073814528
0x01B4	0x20004001  	#1073815552
0x01B8	0x10184002  	RCC_APB2ENR+0
; end of _GPIO_Clk_Enable
_GPIO_Digital_Input:
;__Lib_GPIO_32F10x.c, 369 :: 		
; pin_mask start address is: 4 (R1)
; port start address is: 0 (R0)
0x04F0	0xB081    SUB	SP, SP, #4
0x04F2	0xF8CDE000  STR	LR, [SP, #0]
; pin_mask end address is: 4 (R1)
; port end address is: 0 (R0)
; port start address is: 0 (R0)
; pin_mask start address is: 4 (R1)
;__Lib_GPIO_32F10x.c, 370 :: 		
0x04F6	0xF04F0242  MOV	R2, #66
0x04FA	0xB289    UXTH	R1, R1
; pin_mask end address is: 4 (R1)
; port end address is: 0 (R0)
0x04FC	0xF7FFFE5E  BL	_GPIO_Config+0
;__Lib_GPIO_32F10x.c, 371 :: 		
L_end_GPIO_Digital_Input:
0x0500	0xF8DDE000  LDR	LR, [SP, #0]
0x0504	0xB001    ADD	SP, SP, #4
0x0506	0x4770    BX	LR
; end of _GPIO_Digital_Input
_Button:
;__Lib_Button.c, 6 :: 		
; active_state start address is: 12 (R3)
; time_ms start address is: 8 (R2)
; pin start address is: 4 (R1)
; port start address is: 0 (R0)
0x03C8	0xB082    SUB	SP, SP, #8
0x03CA	0xF8CDE000  STR	LR, [SP, #0]
0x03CE	0x460D    MOV	R5, R1
0x03D0	0x4611    MOV	R1, R2
; active_state end address is: 12 (R3)
; time_ms end address is: 8 (R2)
; pin end address is: 4 (R1)
; port end address is: 0 (R0)
; port start address is: 0 (R0)
; pin start address is: 20 (R5)
; time_ms start address is: 4 (R1)
; active_state start address is: 12 (R3)
;__Lib_Button.c, 8 :: 		
; rslt start address is: 8 (R2)
0x03D2	0xF04F0200  MOV	R2, #0
;__Lib_Button.c, 11 :: 		
0x03D6	0x2401    MOVS	R4, #1
0x03D8	0xB224    SXTH	R4, R4
0x03DA	0x40AC    LSLS	R4, R5
0x03DC	0xB224    SXTH	R4, R4
; pin end address is: 20 (R5)
; pMask start address is: 20 (R5)
0x03DE	0xB225    SXTH	R5, R4
;__Lib_Button.c, 13 :: 		
0x03E0	0x6804    LDR	R4, [R0, #0]
0x03E2	0x402C    ANDS	R4, R5
0x03E4	0x2C00    CMP	R4, #0
0x03E6	0xF2400400  MOVW	R4, #0
0x03EA	0xD100    BNE	L__Button7
0x03EC	0x2401    MOVS	R4, #1
L__Button7:
0x03EE	0xB2E4    UXTB	R4, R4
0x03F0	0x405C    EORS	R4, R3
0x03F2	0xB1C4    CBZ	R4, L__Button5
; time_ms end address is: 4 (R1)
; pMask end address is: 20 (R5)
; rslt end address is: 8 (R2)
; active_state end address is: 12 (R3)
; port end address is: 0 (R0)
0x03F4	0x9501    STR	R5, [SP, #4]
0x03F6	0x460D    MOV	R5, R1
0x03F8	0x9901    LDR	R1, [SP, #4]
;__Lib_Button.c, 15 :: 		
L_Button1:
; pMask start address is: 4 (R1)
; rslt start address is: 8 (R2)
; active_state start address is: 12 (R3)
; time_ms start address is: 20 (R5)
; port start address is: 0 (R0)
0x03FA	0x2D00    CMP	R5, #0
0x03FC	0xD905    BLS	L_Button2
;__Lib_Button.c, 16 :: 		
0x03FE	0xF7FFFFD7  BL	_Delay_500us+0
;__Lib_Button.c, 17 :: 		
0x0402	0xF7FFFFD5  BL	_Delay_500us+0
;__Lib_Button.c, 18 :: 		
0x0406	0x1E6D    SUBS	R5, R5, #1
;__Lib_Button.c, 19 :: 		
; time_ms end address is: 20 (R5)
0x0408	0xE7F7    B	L_Button1
L_Button2:
;__Lib_Button.c, 21 :: 		
0x040A	0x6804    LDR	R4, [R0, #0]
; port end address is: 0 (R0)
0x040C	0x400C    ANDS	R4, R1
; pMask end address is: 4 (R1)
0x040E	0x2C00    CMP	R4, #0
0x0410	0xF2400400  MOVW	R4, #0
0x0414	0xD100    BNE	L__Button8
0x0416	0x2401    MOVS	R4, #1
L__Button8:
0x0418	0xB2E4    UXTB	R4, R4
0x041A	0x405C    EORS	R4, R3
; active_state end address is: 12 (R3)
0x041C	0xB10C    CBZ	R4, L__Button4
; rslt end address is: 8 (R2)
;__Lib_Button.c, 22 :: 		
; rslt start address is: 0 (R0)
0x041E	0x20FF    MOVS	R0, #255
; rslt end address is: 0 (R0)
0x0420	0xE000    B	L_Button3
L__Button4:
;__Lib_Button.c, 21 :: 		
0x0422	0x4610    MOV	R0, R2
;__Lib_Button.c, 22 :: 		
L_Button3:
;__Lib_Button.c, 23 :: 		
; rslt start address is: 0 (R0)
; rslt end address is: 0 (R0)
0x0424	0xE000    B	L_Button0
L__Button5:
;__Lib_Button.c, 13 :: 		
0x0426	0x4610    MOV	R0, R2
;__Lib_Button.c, 23 :: 		
L_Button0:
;__Lib_Button.c, 25 :: 		
; rslt start address is: 0 (R0)
0x0428	0xB280    UXTH	R0, R0
; rslt end address is: 0 (R0)
;__Lib_Button.c, 26 :: 		
L_end_Button:
0x042A	0xF8DDE000  LDR	LR, [SP, #0]
0x042E	0xB002    ADD	SP, SP, #8
0x0430	0x4770    BX	LR
; end of _Button
_Delay_500us:
;__Lib_Delays.c, 33 :: 		void Delay_500us() {
;__Lib_Delays.c, 34 :: 		Delay_us(498);
0x03B0	0xF2417757  MOVW	R7, #5975
0x03B4	0xF2C00700  MOVT	R7, #0
L_Delay_500us10:
0x03B8	0x1E7F    SUBS	R7, R7, #1
0x03BA	0xD1FD    BNE	L_Delay_500us10
0x03BC	0xBF00    NOP
0x03BE	0xBF00    NOP
0x03C0	0xBF00    NOP
0x03C2	0xBF00    NOP
0x03C4	0xBF00    NOP
;__Lib_Delays.c, 35 :: 		}
L_end_Delay_500us:
0x03C6	0x4770    BX	LR
; end of _Delay_500us
___CC2DW:
;__Lib_System_101_102_103.c, 28 :: 		
0x0484	0xB081    SUB	SP, SP, #4
;__Lib_System_101_102_103.c, 30 :: 		
L_loopDW:
;__Lib_System_101_102_103.c, 31 :: 		
0x0486	0xF81C9B01  LDRB	R9, [R12], #1
;__Lib_System_101_102_103.c, 32 :: 		
0x048A	0xF80B9B01  STRB	R9, [R11], #1
;__Lib_System_101_102_103.c, 33 :: 		
0x048E	0xEBBB0F0A  CMP	R11, R10, LSL #0
;__Lib_System_101_102_103.c, 34 :: 		
0x0492	0xD1F8    BNE	L_loopDW
;__Lib_System_101_102_103.c, 36 :: 		
L_end___CC2DW:
0x0494	0xB001    ADD	SP, SP, #4
0x0496	0x4770    BX	LR
; end of ___CC2DW
__Lib_System_101_102_103_InitialSetUpRCCRCC2:
;__Lib_System_101_102_103.c, 377 :: 		
0x0524	0xB082    SUB	SP, SP, #8
0x0526	0xF8CDE000  STR	LR, [SP, #0]
;__Lib_System_101_102_103.c, 380 :: 		
; ulRCC_CR start address is: 8 (R2)
0x052A	0x4A33    LDR	R2, [PC, #204]
;__Lib_System_101_102_103.c, 381 :: 		
; ulRCC_CFGR start address is: 12 (R3)
0x052C	0x4B33    LDR	R3, [PC, #204]
;__Lib_System_101_102_103.c, 382 :: 		
; Fosc_kHz start address is: 4 (R1)
0x052E	0x4934    LDR	R1, [PC, #208]
;__Lib_System_101_102_103.c, 389 :: 		
0x0530	0xF64B3080  MOVW	R0, #48000
0x0534	0x4281    CMP	R1, R0
0x0536	0xD906    BLS	L___Lib_System_101_102_103_InitialSetUpRCCRCC232
; Fosc_kHz end address is: 4 (R1)
;__Lib_System_101_102_103.c, 390 :: 		
0x0538	0x4832    LDR	R0, [PC, #200]
0x053A	0x6800    LDR	R0, [R0, #0]
0x053C	0xF0400102  ORR	R1, R0, #2
0x0540	0x4830    LDR	R0, [PC, #192]
0x0542	0x6001    STR	R1, [R0, #0]
0x0544	0xE011    B	L___Lib_System_101_102_103_InitialSetUpRCCRCC233
L___Lib_System_101_102_103_InitialSetUpRCCRCC232:
;__Lib_System_101_102_103.c, 391 :: 		
; Fosc_kHz start address is: 4 (R1)
0x0546	0xF64550C0  MOVW	R0, #24000
0x054A	0x4281    CMP	R1, R0
0x054C	0xD906    BLS	L___Lib_System_101_102_103_InitialSetUpRCCRCC234
; Fosc_kHz end address is: 4 (R1)
;__Lib_System_101_102_103.c, 392 :: 		
0x054E	0x482D    LDR	R0, [PC, #180]
0x0550	0x6800    LDR	R0, [R0, #0]
0x0552	0xF0400101  ORR	R1, R0, #1
0x0556	0x482B    LDR	R0, [PC, #172]
0x0558	0x6001    STR	R1, [R0, #0]
0x055A	0xE006    B	L___Lib_System_101_102_103_InitialSetUpRCCRCC235
L___Lib_System_101_102_103_InitialSetUpRCCRCC234:
;__Lib_System_101_102_103.c, 394 :: 		
0x055C	0x4829    LDR	R0, [PC, #164]
0x055E	0x6801    LDR	R1, [R0, #0]
0x0560	0xF06F0007  MVN	R0, #7
0x0564	0x4001    ANDS	R1, R0
0x0566	0x4827    LDR	R0, [PC, #156]
0x0568	0x6001    STR	R1, [R0, #0]
L___Lib_System_101_102_103_InitialSetUpRCCRCC235:
L___Lib_System_101_102_103_InitialSetUpRCCRCC233:
;__Lib_System_101_102_103.c, 396 :: 		
0x056A	0xF7FFFF63  BL	__Lib_System_101_102_103_SystemClockSetDefault+0
;__Lib_System_101_102_103.c, 398 :: 		
0x056E	0x4826    LDR	R0, [PC, #152]
0x0570	0x6003    STR	R3, [R0, #0]
;__Lib_System_101_102_103.c, 399 :: 		
0x0572	0x4826    LDR	R0, [PC, #152]
0x0574	0xEA020100  AND	R1, R2, R0, LSL #0
0x0578	0x4825    LDR	R0, [PC, #148]
0x057A	0x6001    STR	R1, [R0, #0]
;__Lib_System_101_102_103.c, 401 :: 		
0x057C	0xF0020001  AND	R0, R2, #1
0x0580	0xB140    CBZ	R0, L___Lib_System_101_102_103_InitialSetUpRCCRCC247
; ulRCC_CFGR end address is: 12 (R3)
; ulRCC_CR end address is: 8 (R2)
0x0582	0x4619    MOV	R1, R3
;__Lib_System_101_102_103.c, 402 :: 		
L___Lib_System_101_102_103_InitialSetUpRCCRCC237:
; ulRCC_CFGR start address is: 4 (R1)
; ulRCC_CR start address is: 8 (R2)
0x0584	0x4822    LDR	R0, [PC, #136]
0x0586	0x6800    LDR	R0, [R0, #0]
0x0588	0xF0000002  AND	R0, R0, #2
0x058C	0x2800    CMP	R0, #0
0x058E	0xD100    BNE	L___Lib_System_101_102_103_InitialSetUpRCCRCC238
;__Lib_System_101_102_103.c, 403 :: 		
0x0590	0xE7F8    B	L___Lib_System_101_102_103_InitialSetUpRCCRCC237
L___Lib_System_101_102_103_InitialSetUpRCCRCC238:
;__Lib_System_101_102_103.c, 404 :: 		
; ulRCC_CFGR end address is: 4 (R1)
0x0592	0xE000    B	L___Lib_System_101_102_103_InitialSetUpRCCRCC236
; ulRCC_CR end address is: 8 (R2)
L___Lib_System_101_102_103_InitialSetUpRCCRCC247:
;__Lib_System_101_102_103.c, 401 :: 		
0x0594	0x4619    MOV	R1, R3
;__Lib_System_101_102_103.c, 404 :: 		
L___Lib_System_101_102_103_InitialSetUpRCCRCC236:
;__Lib_System_101_102_103.c, 406 :: 		
; ulRCC_CFGR start address is: 4 (R1)
; ulRCC_CR start address is: 8 (R2)
0x0596	0xF4023080  AND	R0, R2, #65536
0x059A	0xB148    CBZ	R0, L___Lib_System_101_102_103_InitialSetUpRCCRCC248
; ulRCC_CR end address is: 8 (R2)
; ulRCC_CFGR end address is: 4 (R1)
;__Lib_System_101_102_103.c, 407 :: 		
L___Lib_System_101_102_103_InitialSetUpRCCRCC240:
; ulRCC_CR start address is: 8 (R2)
; ulRCC_CFGR start address is: 4 (R1)
0x059C	0x481C    LDR	R0, [PC, #112]
0x059E	0x6800    LDR	R0, [R0, #0]
0x05A0	0xF4003000  AND	R0, R0, #131072
0x05A4	0xB900    CBNZ	R0, L___Lib_System_101_102_103_InitialSetUpRCCRCC241
;__Lib_System_101_102_103.c, 408 :: 		
0x05A6	0xE7F9    B	L___Lib_System_101_102_103_InitialSetUpRCCRCC240
L___Lib_System_101_102_103_InitialSetUpRCCRCC241:
;__Lib_System_101_102_103.c, 409 :: 		
0x05A8	0x9201    STR	R2, [SP, #4]
; ulRCC_CFGR end address is: 4 (R1)
0x05AA	0x460A    MOV	R2, R1
0x05AC	0x9901    LDR	R1, [SP, #4]
0x05AE	0xE002    B	L___Lib_System_101_102_103_InitialSetUpRCCRCC239
; ulRCC_CR end address is: 8 (R2)
L___Lib_System_101_102_103_InitialSetUpRCCRCC248:
;__Lib_System_101_102_103.c, 406 :: 		
0x05B0	0x9101    STR	R1, [SP, #4]
0x05B2	0x4611    MOV	R1, R2
0x05B4	0x9A01    LDR	R2, [SP, #4]
;__Lib_System_101_102_103.c, 409 :: 		
L___Lib_System_101_102_103_InitialSetUpRCCRCC239:
;__Lib_System_101_102_103.c, 411 :: 		
; ulRCC_CR start address is: 4 (R1)
; ulRCC_CFGR start address is: 8 (R2)
0x05B6	0xF0017080  AND	R0, R1, #16777216
; ulRCC_CR end address is: 4 (R1)
0x05BA	0xB170    CBZ	R0, L___Lib_System_101_102_103_InitialSetUpRCCRCC249
;__Lib_System_101_102_103.c, 412 :: 		
0x05BC	0x4814    LDR	R0, [PC, #80]
0x05BE	0x6800    LDR	R0, [R0, #0]
0x05C0	0xF0407180  ORR	R1, R0, #16777216
0x05C4	0x4812    LDR	R0, [PC, #72]
0x05C6	0x6001    STR	R1, [R0, #0]
; ulRCC_CFGR end address is: 8 (R2)
0x05C8	0x4611    MOV	R1, R2
;__Lib_System_101_102_103.c, 413 :: 		
L___Lib_System_101_102_103_InitialSetUpRCCRCC243:
; ulRCC_CFGR start address is: 4 (R1)
0x05CA	0x4811    LDR	R0, [PC, #68]
0x05CC	0x6800    LDR	R0, [R0, #0]
0x05CE	0xF0007000  AND	R0, R0, #33554432
0x05D2	0xB900    CBNZ	R0, L___Lib_System_101_102_103_InitialSetUpRCCRCC244
;__Lib_System_101_102_103.c, 414 :: 		
0x05D4	0xE7F9    B	L___Lib_System_101_102_103_InitialSetUpRCCRCC243
L___Lib_System_101_102_103_InitialSetUpRCCRCC244:
;__Lib_System_101_102_103.c, 415 :: 		
0x05D6	0x460A    MOV	R2, R1
0x05D8	0xE7FF    B	L___Lib_System_101_102_103_InitialSetUpRCCRCC242
; ulRCC_CFGR end address is: 4 (R1)
L___Lib_System_101_102_103_InitialSetUpRCCRCC249:
;__Lib_System_101_102_103.c, 411 :: 		
;__Lib_System_101_102_103.c, 415 :: 		
L___Lib_System_101_102_103_InitialSetUpRCCRCC242:
;__Lib_System_101_102_103.c, 418 :: 		
; ulRCC_CFGR start address is: 8 (R2)
; ulRCC_CFGR end address is: 8 (R2)
L___Lib_System_101_102_103_InitialSetUpRCCRCC245:
; ulRCC_CFGR start address is: 8 (R2)
0x05DA	0x480B    LDR	R0, [PC, #44]
0x05DC	0x6800    LDR	R0, [R0, #0]
0x05DE	0xF000010C  AND	R1, R0, #12
0x05E2	0x0090    LSLS	R0, R2, #2
0x05E4	0xF000000C  AND	R0, R0, #12
0x05E8	0x4281    CMP	R1, R0
0x05EA	0xD000    BEQ	L___Lib_System_101_102_103_InitialSetUpRCCRCC246
;__Lib_System_101_102_103.c, 419 :: 		
; ulRCC_CFGR end address is: 8 (R2)
0x05EC	0xE7F5    B	L___Lib_System_101_102_103_InitialSetUpRCCRCC245
L___Lib_System_101_102_103_InitialSetUpRCCRCC246:
;__Lib_System_101_102_103.c, 421 :: 		
L_end_InitialSetUpRCCRCC2:
0x05EE	0xF8DDE000  LDR	LR, [SP, #0]
0x05F2	0xB002    ADD	SP, SP, #8
0x05F4	0x4770    BX	LR
0x05F6	0xBF00    NOP
0x05F8	0x00800101  	#16842880
0x05FC	0x0002001D  	#1900546
0x0600	0x19400001  	#72000
0x0604	0x20004002  	FLASH_ACR+0
0x0608	0x10044002  	RCC_CFGR+0
0x060C	0xFFFF000F  	#1048575
0x0610	0x10004002  	RCC_CR+0
; end of __Lib_System_101_102_103_InitialSetUpRCCRCC2
__Lib_System_101_102_103_SystemClockSetDefault:
;__Lib_System_101_102_103.c, 356 :: 		
0x0434	0xB081    SUB	SP, SP, #4
;__Lib_System_101_102_103.c, 359 :: 		
0x0436	0x480F    LDR	R0, [PC, #60]
0x0438	0x6800    LDR	R0, [R0, #0]
0x043A	0xF0400101  ORR	R1, R0, #1
0x043E	0x480D    LDR	R0, [PC, #52]
0x0440	0x6001    STR	R1, [R0, #0]
;__Lib_System_101_102_103.c, 362 :: 		
0x0442	0x490D    LDR	R1, [PC, #52]
0x0444	0x480D    LDR	R0, [PC, #52]
0x0446	0x6001    STR	R1, [R0, #0]
;__Lib_System_101_102_103.c, 365 :: 		
0x0448	0x480A    LDR	R0, [PC, #40]
0x044A	0x6801    LDR	R1, [R0, #0]
0x044C	0x480C    LDR	R0, [PC, #48]
0x044E	0x4001    ANDS	R1, R0
0x0450	0x4808    LDR	R0, [PC, #32]
0x0452	0x6001    STR	R1, [R0, #0]
;__Lib_System_101_102_103.c, 368 :: 		
0x0454	0x4807    LDR	R0, [PC, #28]
0x0456	0x6801    LDR	R1, [R0, #0]
0x0458	0xF46F2080  MVN	R0, #262144
0x045C	0x4001    ANDS	R1, R0
0x045E	0x4805    LDR	R0, [PC, #20]
0x0460	0x6001    STR	R1, [R0, #0]
;__Lib_System_101_102_103.c, 371 :: 		
0x0462	0x4806    LDR	R0, [PC, #24]
0x0464	0x6801    LDR	R1, [R0, #0]
0x0466	0xF46F00FE  MVN	R0, #8323072
0x046A	0x4001    ANDS	R1, R0
0x046C	0x4803    LDR	R0, [PC, #12]
0x046E	0x6001    STR	R1, [R0, #0]
;__Lib_System_101_102_103.c, 375 :: 		
L_end_SystemClockSetDefault:
0x0470	0xB001    ADD	SP, SP, #4
0x0472	0x4770    BX	LR
0x0474	0x10004002  	RCC_CR+0
0x0478	0x0000F8FF  	#-117506048
0x047C	0x10044002  	RCC_CFGR+0
0x0480	0xFFFFFEF6  	#-17367041
; end of __Lib_System_101_102_103_SystemClockSetDefault
__Lib_System_101_102_103_InitialSetUpFosc:
;__Lib_System_101_102_103.c, 423 :: 		
0x0508	0xB081    SUB	SP, SP, #4
;__Lib_System_101_102_103.c, 424 :: 		
0x050A	0x4902    LDR	R1, [PC, #8]
0x050C	0x4802    LDR	R0, [PC, #8]
0x050E	0x6001    STR	R1, [R0, #0]
;__Lib_System_101_102_103.c, 425 :: 		
L_end_InitialSetUpFosc:
0x0510	0xB001    ADD	SP, SP, #4
0x0512	0x4770    BX	LR
0x0514	0x19400001  	#72000
0x0518	0x00042000  	___System_CLOCK_IN_KHZ+0
; end of __Lib_System_101_102_103_InitialSetUpFosc
___GenExcept:
;__Lib_System_101_102_103.c, 307 :: 		
0x051C	0xB081    SUB	SP, SP, #4
;__Lib_System_101_102_103.c, 308 :: 		
L___GenExcept28:
0x051E	0xE7FE    B	L___GenExcept28
;__Lib_System_101_102_103.c, 309 :: 		
L_end___GenExcept:
0x0520	0xB001    ADD	SP, SP, #4
0x0522	0x4770    BX	LR
; end of ___GenExcept
0x068C	0xB500    PUSH	(R14)
0x068E	0xF8DFB010  LDR	R11, [PC, #16]
0x0692	0xF8DFA010  LDR	R10, [PC, #16]
0x0696	0xF7FFFEFF  BL	1176
0x069A	0xBD00    POP	(R15)
0x069C	0x4770    BX	LR
0x069E	0xBF00    NOP
0x06A0	0x00002000  	#536870912
0x06A4	0x00082000  	#536870920
Symbol List:
//** Routines locations **
//ADDRESS    SIZE    PROCEDURE
//----------------------------------------------
0x0130     [140]    _GPIO_Clk_Enable
0x01BC     [500]    _GPIO_Config
0x03B0      [24]    _Delay_500us
0x03C8     [106]    _Button
0x0434      [80]    __Lib_System_101_102_103_SystemClockSetDefault
0x0484      [20]    ___CC2DW
0x0498      [58]    ___FillZeros
0x04D4      [28]    _GPIO_Digital_Output
0x04F0      [24]    _GPIO_Digital_Input
0x0508      [20]    __Lib_System_101_102_103_InitialSetUpFosc
0x051C       [8]    ___GenExcept
0x0524     [240]    __Lib_System_101_102_103_InitialSetUpRCCRCC2
0x0614     [120]    _main
//** Variables locations ** 
//ADDRESS    SIZE    VARIABLE
//----------------------------------------------
0x20000000       [2]    _oldstate
0x20000004       [4]    ___System_CLOCK_IN_KHZ
